<?xml version="1.0" encoding="utf-8"?><testsuites><testsuite name="pytest" errors="0" failures="0" skipped="0" tests="4" time="29.140" timestamp="2021-06-22T17:18:35.390081" hostname="USBLRMAHESMAH1"><testcase classname="test_Homepage.TestHomePage" name="test_formSubmission[getData0]" time="5.751" /><testcase classname="test_Homepage.TestHomePage" name="test_formSubmission[getData1]" time="5.387" /><testcase classname="test_Homepage.TestHomePage" name="test_formSubmission[getData2]" time="5.704" /><testcase classname="test_e2e.TestOne" name="test_e2e" time="12.173" /></testsuite></testsuites>